#
# There is insufficient memory for the Java Runtime Environment to continue.
# Native memory allocation (malloc) failed to allocate 32744 bytes. Error detail: Chunk::new
# Possible reasons:
#   The system is out of physical RAM or swap space
#   This process is running with CompressedOops enabled, and the Java Heap may be blocking the growth of the native heap
# Possible solutions:
#   Reduce memory load on the system
#   Increase physical memory or swap space
#   Check if swap backing store is full
#   Decrease Java heap size (-Xmx/-Xms)
#   Decrease number of Java threads
#   Decrease Java thread stack sizes (-Xss)
#   Set larger code cache with -XX:ReservedCodeCacheSize=
#   JVM is running with Unscaled Compressed Oops mode in which the Java heap is
#     placed in the first 4GB address space. The Java Heap base address is the
#     maximum limit for the native heap growth. Please use -XX:HeapBaseMinAddress
#     to set the Java Heap base and to place the Java Heap above 4GB virtual address.
# This output file may be truncated or incomplete.
#
#  Out of Memory Error (arena.cpp:168), pid=23556, tid=720
#
# JRE version: OpenJDK Runtime Environment Temurin-21.0.9+10 (21.0.9+10) (build 21.0.9+10-LTS)
# Java VM: OpenJDK 64-Bit Server VM Temurin-21.0.9+10 (21.0.9+10-LTS, mixed mode, sharing, tiered, compressed oops, compressed class ptrs, parallel gc, windows-amd64)
# No core dump will be written. Minidumps are not enabled by default on client versions of Windows
#

---------------  S U M M A R Y ------------

Command Line: --add-modules=ALL-SYSTEM --add-opens=java.base/java.util=ALL-UNNAMED --add-opens=java.base/java.lang=ALL-UNNAMED --add-opens=java.base/sun.nio.fs=ALL-UNNAMED -Declipse.application=org.eclipse.jdt.ls.core.id1 -Dosgi.bundles.defaultStartLevel=4 -Declipse.product=org.eclipse.jdt.ls.core.product -Djava.import.generatesMetadataFilesAtProjectRoot=false -DDetectVMInstallationsJob.disabled=true -Dfile.encoding=utf8 -XX:+UseParallelGC -XX:GCTimeRatio=4 -XX:AdaptiveSizePolicyWeight=90 -Dsun.zip.disableMemoryMapping=true -Xmx2G -Xms100m -Xlog:disable -javaagent:c:\Users\crizm\.vscode\extensions\redhat.java-1.50.0-win32-x64\lombok\lombok-1.18.39-4050.jar -XX:+HeapDumpOnOutOfMemoryError -XX:HeapDumpPath=c:\Users\crizm\AppData\Roaming\Code\User\workspaceStorage\f6b7af3479a2ab18e29e8be422a415a3\redhat.java -Daether.dependencyCollector.impl=bf c:\Users\crizm\.vscode\extensions\redhat.java-1.50.0-win32-x64\server\plugins\org.eclipse.equinox.launcher_1.7.100.v20251111-0406.jar -configuration c:\Users\crizm\AppData\Roaming\Code\User\globalStorage\redhat.java\1.50.0\config_win -data c:\Users\crizm\AppData\Roaming\Code\User\workspaceStorage\f6b7af3479a2ab18e29e8be422a415a3\redhat.java\jdt_ws --pipe=\\.\pipe\lsp-4b8879146789ab517d0c3498f8d51d47-sock

Host: AMD Ryzen 5 5500U with Radeon Graphics         , 12 cores, 9G,  Windows 11 , 64 bit Build 26100 (10.0.26100.7019)
Time: Sat Dec  6 23:29:25 2025 Hora estándar central (México) elapsed time: 30.464369 seconds (0d 0h 0m 30s)

---------------  T H R E A D  ---------------

Current thread (0x000002294a1b92a0):  JavaThread "C1 CompilerThread0" daemon [_thread_in_native, id=720, stack(0x0000005bdef00000,0x0000005bdf000000) (1024K)]


Current CompileTask:
C1:30464 2898       3       java.util.concurrent.locks.AbstractQueuedSynchronizer::cleanQueue (174 bytes)

Stack: [0x0000005bdef00000,0x0000005bdf000000]
Native frames: (J=compiled Java code, j=interpreted, Vv=VM code, C=native code)
V  [jvm.dll+0x6d6e29]
V  [jvm.dll+0x8b4b76]
V  [jvm.dll+0x8b712e]
V  [jvm.dll+0x8b7813]
V  [jvm.dll+0x283d86]
V  [jvm.dll+0xc66ed]
V  [jvm.dll+0xc6c31]
V  [jvm.dll+0x197192]
V  [jvm.dll+0x18b6e3]
V  [jvm.dll+0x185f92]
V  [jvm.dll+0x1803de]
V  [jvm.dll+0x16e500]
V  [jvm.dll+0x1572e7]
V  [jvm.dll+0x156c17]
V  [jvm.dll+0x156e44]
V  [jvm.dll+0x15625c]
V  [jvm.dll+0x157fed]
V  [jvm.dll+0x25b29d]
V  [jvm.dll+0x25982a]
V  [jvm.dll+0x3f7ea6]
V  [jvm.dll+0x85e9ad]
V  [jvm.dll+0x6d565d]
C  [ucrtbase.dll+0x37b0]
C  [KERNEL32.DLL+0x2e8d7]
C  [ntdll.dll+0x8c53c]


---------------  P R O C E S S  ---------------

Threads class SMR info:
_java_thread_list=0x000002296214cb00, length=16, elements={
0x0000022947ddebb0, 0x000002294a1a43d0, 0x000002294a0ac5e0, 0x000002294a1a4fd0,
0x000002294a1a5a20, 0x000002294a1a8980, 0x000002294a1a93d0, 0x000002294a1aa200,
0x000002294a1b92a0, 0x0000022961fc3930, 0x00000229620ae5f0, 0x00000229675c16a0,
0x00000229675c4490, 0x00000229675c30e0, 0x00000229675c23c0, 0x0000022967c377d0
}

Java Threads: ( => current thread )
  0x0000022947ddebb0 JavaThread "main"                              [_thread_blocked, id=8608, stack(0x0000005bde400000,0x0000005bde500000) (1024K)]
  0x000002294a1a43d0 JavaThread "Reference Handler"          daemon [_thread_blocked, id=22124, stack(0x0000005bde800000,0x0000005bde900000) (1024K)]
  0x000002294a0ac5e0 JavaThread "Finalizer"                  daemon [_thread_blocked, id=11128, stack(0x0000005bde900000,0x0000005bdea00000) (1024K)]
  0x000002294a1a4fd0 JavaThread "Signal Dispatcher"          daemon [_thread_blocked, id=4172, stack(0x0000005bdea00000,0x0000005bdeb00000) (1024K)]
  0x000002294a1a5a20 JavaThread "Attach Listener"            daemon [_thread_blocked, id=15872, stack(0x0000005bdeb00000,0x0000005bdec00000) (1024K)]
  0x000002294a1a8980 JavaThread "Service Thread"             daemon [_thread_blocked, id=22108, stack(0x0000005bdec00000,0x0000005bded00000) (1024K)]
  0x000002294a1a93d0 JavaThread "Monitor Deflation Thread"   daemon [_thread_blocked, id=23776, stack(0x0000005bded00000,0x0000005bdee00000) (1024K)]
  0x000002294a1aa200 JavaThread "C2 CompilerThread0"         daemon [_thread_blocked, id=20040, stack(0x0000005bdee00000,0x0000005bdef00000) (1024K)]
=>0x000002294a1b92a0 JavaThread "C1 CompilerThread0"         daemon [_thread_in_native, id=720, stack(0x0000005bdef00000,0x0000005bdf000000) (1024K)]
  0x0000022961fc3930 JavaThread "Common-Cleaner"             daemon [_thread_blocked, id=20328, stack(0x0000005bdf000000,0x0000005bdf100000) (1024K)]
  0x00000229620ae5f0 JavaThread "Notification Thread"        daemon [_thread_blocked, id=19248, stack(0x0000005bdf100000,0x0000005bdf200000) (1024K)]
  0x00000229675c16a0 JavaThread "Active Thread: Equinox Container: a6d52f8a-d705-4e2a-ab3e-b8d5d156d364"        [_thread_blocked, id=11724, stack(0x0000005be0000000,0x0000005be0100000) (1024K)]
  0x00000229675c4490 JavaThread "Framework Event Dispatcher: Equinox Container: a6d52f8a-d705-4e2a-ab3e-b8d5d156d364" daemon [_thread_blocked, id=18980, stack(0x0000005bdf200000,0x0000005bdf300000) (1024K)]
  0x00000229675c30e0 JavaThread "Start Level: Equinox Container: a6d52f8a-d705-4e2a-ab3e-b8d5d156d364" daemon [_thread_in_native, id=13896, stack(0x0000005bdf300000,0x0000005bdf400000) (1024K)]
  0x00000229675c23c0 JavaThread "Refresh Thread: Equinox Container: a6d52f8a-d705-4e2a-ab3e-b8d5d156d364" daemon [_thread_blocked, id=7836, stack(0x0000005bdfa00000,0x0000005bdfb00000) (1024K)]
  0x0000022967c377d0 JavaThread "Bundle File Closer"         daemon [_thread_blocked, id=22272, stack(0x0000005bdfb00000,0x0000005bdfc00000) (1024K)]
Total: 16

Other Threads:
  0x000002294a0949f0 VMThread "VM Thread"                           [id=21684, stack(0x0000005bde700000,0x0000005bde800000) (1024K)]
  0x0000022949f8ba00 WatcherThread "VM Periodic Task Thread"        [id=8476, stack(0x0000005bde600000,0x0000005bde700000) (1024K)]
  0x000002294a120450 WorkerThread "GC Thread#0"                     [id=22564, stack(0x0000005bde500000,0x0000005bde600000) (1024K)]
  0x00000229675cb7e0 WorkerThread "GC Thread#1"                     [id=22088, stack(0x0000005bdf400000,0x0000005bdf500000) (1024K)]
  0x00000229675cbf80 WorkerThread "GC Thread#2"                     [id=12548, stack(0x0000005bdf500000,0x0000005bdf600000) (1024K)]
  0x00000229672c9da0 WorkerThread "GC Thread#3"                     [id=8944, stack(0x0000005bdf600000,0x0000005bdf700000) (1024K)]
  0x00000229672ca140 WorkerThread "GC Thread#4"                     [id=22868, stack(0x0000005bdf700000,0x0000005bdf800000) (1024K)]
  0x00000229672ca4e0 WorkerThread "GC Thread#5"                     [id=24356, stack(0x0000005bdf800000,0x0000005bdf900000) (1024K)]
  0x00000229672ca880 WorkerThread "GC Thread#6"                     [id=24200, stack(0x0000005bdf900000,0x0000005bdfa00000) (1024K)]
  0x0000022967675900 WorkerThread "GC Thread#7"                     [id=11924, stack(0x0000005be0100000,0x0000005be0200000) (1024K)]
  0x0000022967bfe8b0 WorkerThread "GC Thread#8"                     [id=21736, stack(0x0000005be0b00000,0x0000005be0c00000) (1024K)]
  0x0000022967bfec50 WorkerThread "GC Thread#9"                     [id=8304, stack(0x0000005be0c00000,0x0000005be0d00000) (1024K)]
Total: 12

Threads with active compile tasks:
C1 CompilerThread0  30493 2898       3       java.util.concurrent.locks.AbstractQueuedSynchronizer::cleanQueue (174 bytes)
Total: 1

VM state: not at safepoint (normal execution)

VM Mutex/Monitor currently owned by a thread: None

Heap address: 0x0000000080000000, size: 2048 MB, Compressed Oops mode: 32-bit

CDS archive(s) mapped at: [0x0000022900000000-0x0000022900ba0000-0x0000022900ba0000), size 12189696, SharedBaseAddress: 0x0000022900000000, ArchiveRelocationMode: 1.
Compressed class space mapped at: 0x0000022901000000-0x0000022941000000, reserved size: 1073741824
Narrow klass base: 0x0000022900000000, Narrow klass shift: 0, Narrow klass range: 0x100000000

GC Precious Log:
 CardTable entry size: 512
 CPUs: 12 total, 12 available
 Memory: 10085M
 Large Page Support: Disabled
 NUMA Support: Disabled
 Compressed Oops: Enabled (32-bit)
 Alignments: Space 512K, Generation 512K, Heap 2M
 Heap Min Capacity: 100M
 Heap Initial Capacity: 100M
 Heap Max Capacity: 2G
 Pre-touch: Disabled
 Parallel Workers: 10

Heap:
 PSYoungGen      total 29696K, used 16613K [0x00000000d5580000, 0x00000000d7680000, 0x0000000100000000)
  eden space 25600K, 48% used [0x00000000d5580000,0x00000000d61bea60,0x00000000d6e80000)
  from space 4096K, 99% used [0x00000000d7280000,0x00000000d767ac00,0x00000000d7680000)
  to   space 4096K, 0% used [0x00000000d6e80000,0x00000000d6e80000,0x00000000d7280000)
 ParOldGen       total 68608K, used 6529K [0x0000000080000000, 0x0000000084300000, 0x00000000d5580000)
  object space 68608K, 9% used [0x0000000080000000,0x0000000080660540,0x0000000084300000)
 Metaspace       used 10205K, committed 10496K, reserved 1114112K
  class space    used 1053K, committed 1152K, reserved 1048576K

Card table byte_map: [0x0000022949aa0000,0x0000022949eb0000] _byte_map_base: 0x00000229496a0000

Marking Bits: (ParMarkBitMap*) 0x00007ffc67bb2460
 Begin Bits: [0x000002295c5b0000, 0x000002295e5b0000)
 End Bits:   [0x000002295e5b0000, 0x00000229605b0000)

Polling page: 0x0000022948160000

Metaspace:

Usage:
  Non-class:      8.94 MB used.
      Class:      1.03 MB used.
       Both:      9.97 MB used.

Virtual space:
  Non-class space:       64.00 MB reserved,       9.12 MB ( 14%) committed,  1 nodes.
      Class space:        1.00 GB reserved,       1.12 MB ( <1%) committed,  1 nodes.
             Both:        1.06 GB reserved,      10.25 MB ( <1%) committed. 

Chunk freelists:
   Non-Class:  6.03 MB
       Class:  14.75 MB
        Both:  20.79 MB

MaxMetaspaceSize: unlimited
CompressedClassSpaceSize: 1.00 GB
Initial GC threshold: 21.00 MB
Current GC threshold: 21.00 MB
CDS: on
 - commit_granule_bytes: 65536.
 - commit_granule_words: 8192.
 - virtual_space_node_default_size: 8388608.
 - enlarge_chunks_in_place: 1.
 - use_allocation_guard: 0.


Internal statistics:

num_allocs_failed_limit: 0.
num_arena_births: 258.
num_arena_deaths: 0.
num_vsnodes_births: 2.
num_vsnodes_deaths: 0.
num_space_committed: 164.
num_space_uncommitted: 0.
num_chunks_returned_to_freelist: 0.
num_chunks_taken_from_freelist: 530.
num_chunk_merges: 0.
num_chunk_splits: 334.
num_chunks_enlarged: 219.
num_inconsistent_stats: 0.

CodeHeap 'non-profiled nmethods': size=120000Kb used=1303Kb max_used=1303Kb free=118696Kb
 bounds [0x0000022954dd0000, 0x0000022955040000, 0x000002295c300000]
CodeHeap 'profiled nmethods': size=120000Kb used=5678Kb max_used=5678Kb free=114321Kb
 bounds [0x000002294d300000, 0x000002294d890000, 0x0000022954830000]
CodeHeap 'non-nmethods': size=5760Kb used=1228Kb max_used=1274Kb free=4531Kb
 bounds [0x0000022954830000, 0x0000022954aa0000, 0x0000022954dd0000]
CodeCache: size=245760Kb, used=8209Kb, max_used=8255Kb, free=237548Kb
 total_blobs=3388, nmethods=2895, adapters=399, full_count=0
Compilation: enabled, stopped_count=0, restarted_count=0

Compilation events (20 events):
Event: 21.948 Thread 0x000002294a1b92a0 nmethod 2887 0x000002294d883d90 code [0x000002294d884020, 0x000002294d884a08]
Event: 21.990 Thread 0x000002294a1b92a0 2888   !   3       java.util.concurrent.locks.AbstractQueuedSynchronizer::acquire (424 bytes)
Event: 21.992 Thread 0x000002294a1b92a0 nmethod 2888 0x000002294d884e90 code [0x000002294d885220, 0x000002294d886a08]
Event: 22.275 Thread 0x000002294a1b92a0 2889       3       java.io.File::<init> (111 bytes)
Event: 22.275 Thread 0x000002294a1b92a0 nmethod 2889 0x000002294d887210 code [0x000002294d8874c0, 0x000002294d887f18]
Event: 22.653 Thread 0x000002294a1aa200 2890       4       jdk.internal.misc.Unsafe::putReferenceOpaque (9 bytes)
Event: 22.653 Thread 0x000002294a1aa200 nmethod 2890 0x0000022954f15b10 code [0x0000022954f15ca0, 0x0000022954f15d50]
Event: 25.250 Thread 0x000002294a1b92a0 2891       3       java.util.concurrent.locks.AbstractQueuedSynchronizer::tryAcquireSharedNanos (62 bytes)
Event: 25.251 Thread 0x000002294a1b92a0 nmethod 2891 0x000002294d888310 code [0x000002294d888540, 0x000002294d888c30]
Event: 25.302 Thread 0x000002294a1b92a0 2892   !   3       org.eclipse.equinox.launcher.JNIBridge::updateSplash (25 bytes)
Event: 25.303 Thread 0x000002294a1b92a0 nmethod 2892 0x000002294d888e10 code [0x000002294d889080, 0x000002294d889838]
Event: 25.353 Thread 0x000002294a1b92a0 2893       3       org.osgi.util.tracker.ServiceTracker::getService (33 bytes)
Event: 25.354 Thread 0x000002294a1b92a0 nmethod 2893 0x000002294d889b10 code [0x000002294d889d00, 0x000002294d88a2c0]
Event: 25.354 Thread 0x000002294a1b92a0 2894   !   3       org.eclipse.core.runtime.internal.adaptor.DefaultStartupMonitor::update (25 bytes)
Event: 25.355 Thread 0x000002294a1b92a0 nmethod 2894 0x000002294d88a510 code [0x000002294d88a760, 0x000002294d88aea8]
Event: 25.355 Thread 0x000002294a1b92a0 2895       3       java.util.concurrent.Semaphore::tryAcquire (14 bytes)
Event: 25.355 Thread 0x000002294a1b92a0 nmethod 2895 0x000002294d88b210 code [0x000002294d88b3c0, 0x000002294d88b560]
Event: 25.456 Thread 0x000002294a1b92a0 2896       3       java.util.concurrent.locks.AbstractQueuedSynchronizer$Node::casNext (13 bytes)
Event: 25.456 Thread 0x000002294a1b92a0 nmethod 2896 0x000002294d88b690 code [0x000002294d88b840, 0x000002294d88b9a0]
Event: 28.460 Thread 0x000002294a1b92a0 2898       3       java.util.concurrent.locks.AbstractQueuedSynchronizer::cleanQueue (174 bytes)

GC Heap History (8 events):
Event: 1.352 GC heap before
{Heap before GC invocations=1 (full 0):
 PSYoungGen      total 29696K, used 25600K [0x00000000d5580000, 0x00000000d7680000, 0x0000000100000000)
  eden space 25600K, 100% used [0x00000000d5580000,0x00000000d6e80000,0x00000000d6e80000)
  from space 4096K, 0% used [0x00000000d7280000,0x00000000d7280000,0x00000000d7680000)
  to   space 4096K, 0% used [0x00000000d6e80000,0x00000000d6e80000,0x00000000d7280000)
 ParOldGen       total 68608K, used 0K [0x0000000080000000, 0x0000000084300000, 0x00000000d5580000)
  object space 68608K, 0% used [0x0000000080000000,0x0000000080000000,0x0000000084300000)
 Metaspace       used 4492K, committed 4672K, reserved 1114112K
  class space    used 491K, committed 576K, reserved 1048576K
}
Event: 1.361 GC heap after
{Heap after GC invocations=1 (full 0):
 PSYoungGen      total 29696K, used 3303K [0x00000000d5580000, 0x00000000d7680000, 0x0000000100000000)
  eden space 25600K, 0% used [0x00000000d5580000,0x00000000d5580000,0x00000000d6e80000)
  from space 4096K, 80% used [0x00000000d6e80000,0x00000000d71b9e98,0x00000000d7280000)
  to   space 4096K, 0% used [0x00000000d7280000,0x00000000d7280000,0x00000000d7680000)
 ParOldGen       total 68608K, used 16K [0x0000000080000000, 0x0000000084300000, 0x00000000d5580000)
  object space 68608K, 0% used [0x0000000080000000,0x0000000080004000,0x0000000084300000)
 Metaspace       used 4492K, committed 4672K, reserved 1114112K
  class space    used 491K, committed 576K, reserved 1048576K
}
Event: 11.806 GC heap before
{Heap before GC invocations=2 (full 0):
 PSYoungGen      total 29696K, used 28903K [0x00000000d5580000, 0x00000000d7680000, 0x0000000100000000)
  eden space 25600K, 100% used [0x00000000d5580000,0x00000000d6e80000,0x00000000d6e80000)
  from space 4096K, 80% used [0x00000000d6e80000,0x00000000d71b9e98,0x00000000d7280000)
  to   space 4096K, 0% used [0x00000000d7280000,0x00000000d7280000,0x00000000d7680000)
 ParOldGen       total 68608K, used 16K [0x0000000080000000, 0x0000000084300000, 0x00000000d5580000)
  object space 68608K, 0% used [0x0000000080000000,0x0000000080004000,0x0000000084300000)
 Metaspace       used 8346K, committed 8640K, reserved 1114112K
  class space    used 887K, committed 1024K, reserved 1048576K
}
Event: 11.811 GC heap after
{Heap after GC invocations=2 (full 0):
 PSYoungGen      total 29696K, used 4077K [0x00000000d5580000, 0x00000000d7680000, 0x0000000100000000)
  eden space 25600K, 0% used [0x00000000d5580000,0x00000000d5580000,0x00000000d6e80000)
  from space 4096K, 99% used [0x00000000d7280000,0x00000000d767b560,0x00000000d7680000)
  to   space 4096K, 0% used [0x00000000d6e80000,0x00000000d6e80000,0x00000000d7280000)
 ParOldGen       total 68608K, used 66K [0x0000000080000000, 0x0000000084300000, 0x00000000d5580000)
  object space 68608K, 0% used [0x0000000080000000,0x0000000080010938,0x0000000084300000)
 Metaspace       used 8346K, committed 8640K, reserved 1114112K
  class space    used 887K, committed 1024K, reserved 1048576K
}
Event: 12.360 GC heap before
{Heap before GC invocations=3 (full 0):
 PSYoungGen      total 29696K, used 29677K [0x00000000d5580000, 0x00000000d7680000, 0x0000000100000000)
  eden space 25600K, 100% used [0x00000000d5580000,0x00000000d6e80000,0x00000000d6e80000)
  from space 4096K, 99% used [0x00000000d7280000,0x00000000d767b560,0x00000000d7680000)
  to   space 4096K, 0% used [0x00000000d6e80000,0x00000000d6e80000,0x00000000d7280000)
 ParOldGen       total 68608K, used 66K [0x0000000080000000, 0x0000000084300000, 0x00000000d5580000)
  object space 68608K, 0% used [0x0000000080000000,0x0000000080010938,0x0000000084300000)
 Metaspace       used 8819K, committed 9152K, reserved 1114112K
  class space    used 920K, committed 1088K, reserved 1048576K
}
Event: 12.368 GC heap after
{Heap after GC invocations=3 (full 0):
 PSYoungGen      total 29696K, used 4087K [0x00000000d5580000, 0x00000000d7680000, 0x0000000100000000)
  eden space 25600K, 0% used [0x00000000d5580000,0x00000000d5580000,0x00000000d6e80000)
  from space 4096K, 99% used [0x00000000d6e80000,0x00000000d727de00,0x00000000d7280000)
  to   space 4096K, 0% used [0x00000000d7280000,0x00000000d7280000,0x00000000d7680000)
 ParOldGen       total 68608K, used 4812K [0x0000000080000000, 0x0000000084300000, 0x00000000d5580000)
  object space 68608K, 7% used [0x0000000080000000,0x00000000804b3210,0x0000000084300000)
 Metaspace       used 8819K, committed 9152K, reserved 1114112K
  class space    used 920K, committed 1088K, reserved 1048576K
}
Event: 12.775 GC heap before
{Heap before GC invocations=4 (full 0):
 PSYoungGen      total 29696K, used 29687K [0x00000000d5580000, 0x00000000d7680000, 0x0000000100000000)
  eden space 25600K, 100% used [0x00000000d5580000,0x00000000d6e80000,0x00000000d6e80000)
  from space 4096K, 99% used [0x00000000d6e80000,0x00000000d727de00,0x00000000d7280000)
  to   space 4096K, 0% used [0x00000000d7280000,0x00000000d7280000,0x00000000d7680000)
 ParOldGen       total 68608K, used 4812K [0x0000000080000000, 0x0000000084300000, 0x00000000d5580000)
  object space 68608K, 7% used [0x0000000080000000,0x00000000804b3210,0x0000000084300000)
 Metaspace       used 10025K, committed 10304K, reserved 1114112K
  class space    used 1051K, committed 1152K, reserved 1048576K
}
Event: 12.780 GC heap after
{Heap after GC invocations=4 (full 0):
 PSYoungGen      total 29696K, used 4075K [0x00000000d5580000, 0x00000000d7680000, 0x0000000100000000)
  eden space 25600K, 0% used [0x00000000d5580000,0x00000000d5580000,0x00000000d6e80000)
  from space 4096K, 99% used [0x00000000d7280000,0x00000000d767ac00,0x00000000d7680000)
  to   space 4096K, 0% used [0x00000000d6e80000,0x00000000d6e80000,0x00000000d7280000)
 ParOldGen       total 68608K, used 6529K [0x0000000080000000, 0x0000000084300000, 0x00000000d5580000)
  object space 68608K, 9% used [0x0000000080000000,0x0000000080660540,0x0000000084300000)
 Metaspace       used 10025K, committed 10304K, reserved 1114112K
  class space    used 1051K, committed 1152K, reserved 1048576K
}

Dll operation events (9 events):
Event: 0.019 Loaded shared library c:\Users\crizm\.vscode\extensions\redhat.java-1.50.0-win32-x64\jre\21.0.9-win32-x86_64\bin\java.dll
Event: 0.139 Loaded shared library c:\Users\crizm\.vscode\extensions\redhat.java-1.50.0-win32-x64\jre\21.0.9-win32-x86_64\bin\zip.dll
Event: 0.181 Loaded shared library C:\Users\crizm\.vscode\extensions\redhat.java-1.50.0-win32-x64\jre\21.0.9-win32-x86_64\bin\instrument.dll
Event: 0.192 Loaded shared library C:\Users\crizm\.vscode\extensions\redhat.java-1.50.0-win32-x64\jre\21.0.9-win32-x86_64\bin\net.dll
Event: 0.196 Loaded shared library C:\Users\crizm\.vscode\extensions\redhat.java-1.50.0-win32-x64\jre\21.0.9-win32-x86_64\bin\nio.dll
Event: 0.204 Loaded shared library C:\Users\crizm\.vscode\extensions\redhat.java-1.50.0-win32-x64\jre\21.0.9-win32-x86_64\bin\zip.dll
Event: 0.234 Loaded shared library C:\Users\crizm\.vscode\extensions\redhat.java-1.50.0-win32-x64\jre\21.0.9-win32-x86_64\bin\jimage.dll
Event: 0.382 Loaded shared library c:\Users\crizm\.vscode\extensions\redhat.java-1.50.0-win32-x64\jre\21.0.9-win32-x86_64\bin\verify.dll
Event: 12.358 Loaded shared library C:\Users\crizm\AppData\Roaming\Code\User\globalStorage\redhat.java\1.50.0\config_win\org.eclipse.equinox.launcher\org.eclipse.equinox.launcher.win32.win32.x86_64_1.2.1400.v20250801-0854\eclipse_11916.dll

Deoptimization events (20 events):
Event: 21.160 Thread 0x00000229675c30e0 Uncommon trap: trap_request=0xffffff45 fr.pc=0x0000022954e2c3dc relative=0x000000000000047c
Event: 21.160 Thread 0x00000229675c30e0 Uncommon trap: reason=unstable_if action=reinterpret pc=0x0000022954e2c3dc method=java.util.jar.Manifest$FastInputStream.readLine([BII)I @ 106 c2
Event: 21.160 Thread 0x00000229675c30e0 DEOPT PACKING pc=0x0000022954e2c3dc sp=0x0000005bdf3fd810
Event: 21.160 Thread 0x00000229675c30e0 DEOPT UNPACKING pc=0x0000022954883aa2 sp=0x0000005bdf3fd7c0 mode 2
Event: 21.160 Thread 0x00000229675c30e0 Uncommon trap: trap_request=0xffffff45 fr.pc=0x0000022954e36858 relative=0x00000000000000b8
Event: 21.160 Thread 0x00000229675c30e0 Uncommon trap: reason=unstable_if action=reinterpret pc=0x0000022954e36858 method=java.util.jar.Manifest$FastInputStream.peek()B @ 23 c2
Event: 21.160 Thread 0x00000229675c30e0 DEOPT PACKING pc=0x0000022954e36858 sp=0x0000005bdf3fd8e0
Event: 21.160 Thread 0x00000229675c30e0 DEOPT UNPACKING pc=0x0000022954883aa2 sp=0x0000005bdf3fd878 mode 2
Event: 22.412 Thread 0x0000022967c38b80 Uncommon trap: trap_request=0xffffff45 fr.pc=0x0000022954f08a7c relative=0x00000000000000dc
Event: 22.412 Thread 0x0000022967c38b80 Uncommon trap: reason=unstable_if action=reinterpret pc=0x0000022954f08a7c method=java.util.concurrent.locks.ReentrantLock$NonfairSync.initialTryLock()Z @ 25 c2
Event: 22.412 Thread 0x0000022967c38b80 DEOPT PACKING pc=0x0000022954f08a7c sp=0x0000005be09feea0
Event: 24.279 Thread 0x00000229675c3e00 Uncommon trap: trap_request=0xffffff45 fr.pc=0x0000022954e90660 relative=0x00000000000000c0
Event: 24.279 Thread 0x0000022967c3ac50 Uncommon trap: trap_request=0xffffff45 fr.pc=0x0000022954e90660 relative=0x00000000000000c0
Event: 24.279 Thread 0x0000022967c3ac50 Uncommon trap: reason=unstable_if action=reinterpret pc=0x0000022954e90660 method=java.util.concurrent.locks.ReentrantLock$NonfairSync.initialTryLock()Z @ 25 c2
Event: 24.279 Thread 0x00000229675c3e00 Uncommon trap: reason=unstable_if action=reinterpret pc=0x0000022954e90660 method=java.util.concurrent.locks.ReentrantLock$NonfairSync.initialTryLock()Z @ 25 c2
Event: 24.279 Thread 0x0000022967c3ac50 DEOPT PACKING pc=0x0000022954e90660 sp=0x0000005be06fee00
Event: 24.279 Thread 0x00000229675c3e00 DEOPT PACKING pc=0x0000022954e90660 sp=0x0000005be03ff290
Event: 24.279 Thread 0x00000229675c3e00 DEOPT UNPACKING pc=0x0000022954883aa2 sp=0x0000005be03ff210 mode 2
Event: 24.279 Thread 0x0000022967c38b80 DEOPT UNPACKING pc=0x0000022954883aa2 sp=0x0000005be09fed68 mode 2
Event: 24.279 Thread 0x0000022967c3ac50 DEOPT UNPACKING pc=0x0000022954883aa2 sp=0x0000005be06fed80 mode 2

Classes loaded (20 events):
Event: 12.712 Loading class java/util/Formatter$DateTime
Event: 12.712 Loading class java/util/Formatter$DateTime done
Event: 12.712 Loading class java/util/Formatter$FixedString
Event: 12.713 Loading class java/util/Formatter$FixedString done
Event: 12.713 Loading class java/time/ZonedDateTime$1
Event: 12.713 Loading class java/time/ZonedDateTime$1 done
Event: 12.722 Loading class jdk/internal/module/ModulePatcher$PatchedModuleReader
Event: 12.723 Loading class jdk/internal/module/ModulePatcher$PatchedModuleReader done
Event: 12.731 Loading class sun/util/resources/LocaleData$CommonResourceBundleProvider
Event: 12.731 Loading class sun/util/resources/LocaleData$LocaleDataResourceBundleProvider
Event: 12.731 Loading class java/util/spi/ResourceBundleProvider
Event: 12.731 Loading class java/util/spi/ResourceBundleProvider done
Event: 12.731 Loading class sun/util/resources/LocaleData$LocaleDataResourceBundleProvider done
Event: 12.731 Loading class sun/util/resources/LocaleData$CommonResourceBundleProvider done
Event: 12.734 Loading class sun/util/resources/Bundles$2
Event: 12.734 Loading class sun/util/resources/Bundles$2 done
Event: 12.800 Loading class java/nio/file/StandardCopyOption
Event: 12.800 Loading class java/nio/file/StandardCopyOption done
Event: 12.805 Loading class sun/nio/fs/WindowsFileCopy
Event: 12.805 Loading class sun/nio/fs/WindowsFileCopy done

Classes unloaded (0 events):
No events

Classes redefined (0 events):
No events

Internal exceptions (20 events):
Event: 1.530 Thread 0x0000022947ddebb0 Implicit null exception at 0x0000022954e2cdc9 to 0x0000022954e2d73c
Event: 1.530 Thread 0x0000022947ddebb0 Implicit null exception at 0x0000022954e36c1a to 0x0000022954e36e24
Event: 1.531 Thread 0x0000022947ddebb0 Exception <a 'java/lang/NoSuchMethodError'{0x00000000d5722ed8}: 'void java.lang.invoke.DirectMethodHandle$Holder.invokeStatic(java.lang.Object, java.lang.Object, java.lang.Object, java.lang.Object)'> (0x00000000d5722ed8) 
thrown [s\src\hotspot\share\interpreter\linkResolver.cpp, line 773]
Event: 1.533 Thread 0x0000022947ddebb0 Implicit null exception at 0x0000022954e2f43c to 0x0000022954e2f6c8
Event: 1.533 Thread 0x0000022947ddebb0 Implicit null exception at 0x0000022954e2e1bd to 0x0000022954e2e241
Event: 1.735 Thread 0x0000022947ddebb0 Exception <a 'java/lang/NoSuchMethodError'{0x00000000d5b5f228}: 'int java.lang.invoke.DirectMethodHandle$Holder.invokeVirtual(java.lang.Object, java.lang.Object)'> (0x00000000d5b5f228) 
thrown [s\src\hotspot\share\interpreter\linkResolver.cpp, line 773]
Event: 2.145 Thread 0x0000022947ddebb0 Exception <a 'java/lang/IncompatibleClassChangeError'{0x00000000d664c750}: Found class java.lang.Object, but interface was expected> (0x00000000d664c750) 
thrown [s\src\hotspot\share\interpreter\linkResolver.cpp, line 840]
Event: 2.147 Thread 0x0000022947ddebb0 Exception <a 'java/lang/NoSuchMethodError'{0x00000000d6655af0}: 'void java.lang.invoke.DirectMethodHandle$Holder.invokeInterface(java.lang.Object, java.lang.Object, java.lang.Object)'> (0x00000000d6655af0) 
thrown [s\src\hotspot\share\interpreter\linkResolver.cpp, line 773]
Event: 2.198 Thread 0x0000022947ddebb0 Exception <a 'java/lang/NoSuchMethodError'{0x00000000d67f9088}: 'int java.lang.invoke.DirectMethodHandle$Holder.invokeStaticInit(java.lang.Object, java.lang.Object, java.lang.Object, java.lang.Object)'> (0x00000000d67f9088) 
thrown [s\src\hotspot\share\interpreter\linkResolver.cpp, line 773]
Event: 2.201 Thread 0x0000022947ddebb0 Exception <a 'java/lang/NoSuchMethodError'{0x00000000d6803658}: 'void java.lang.invoke.DirectMethodHandle$Holder.invokeStaticInit(java.lang.Object, java.lang.Object)'> (0x00000000d6803658) 
thrown [s\src\hotspot\share\interpreter\linkResolver.cpp, line 773]
Event: 2.203 Thread 0x0000022947ddebb0 Exception <a 'java/lang/NoSuchMethodError'{0x00000000d6808b38}: 'int java.lang.invoke.DirectMethodHandle$Holder.invokeStaticInit(java.lang.Object, java.lang.Object)'> (0x00000000d6808b38) 
thrown [s\src\hotspot\share\interpreter\linkResolver.cpp, line 773]
Event: 2.274 Thread 0x0000022947ddebb0 Exception <a 'java/lang/NoSuchMethodError'{0x00000000d69efc00}: 'java.lang.Object java.lang.invoke.DirectMethodHandle$Holder.newInvokeSpecial(java.lang.Object, int, java.lang.Object)'> (0x00000000d69efc00) 
thrown [s\src\hotspot\share\interpreter\linkResolver.cpp, line 773]
Event: 2.323 Thread 0x0000022947ddebb0 Exception <a 'java/lang/ClassNotFoundException'{0x00000000d6b6b3e0}: sun/net/www/protocol/plurl/Handler> (0x00000000d6b6b3e0) 
thrown [s\src\hotspot\share\classfile\systemDictionary.cpp, line 312]
Event: 2.324 Thread 0x0000022947ddebb0 Exception <a 'java/lang/ClassNotFoundException'{0x00000000d6b6c260}: sun/net/www/protocol/plurl/Handler> (0x00000000d6b6c260) 
thrown [s\src\hotspot\share\classfile\systemDictionary.cpp, line 312]
Event: 2.340 Thread 0x0000022947ddebb0 Exception <a 'java/lang/NoSuchMethodError'{0x00000000d6babaa0}: 'void java.lang.invoke.DirectMethodHandle$Holder.invokeSpecial(java.lang.Object, java.lang.Object, java.lang.Object)'> (0x00000000d6babaa0) 
thrown [s\src\hotspot\share\interpreter\linkResolver.cpp, line 773]
Event: 12.199 Thread 0x0000022947ddebb0 Exception <a 'java/lang/UnsatisfiedLinkError'{0x00000000d6aa60b8}: 'void org.eclipse.equinox.launcher.JNIBridge._update_splash()'> (0x00000000d6aa60b8) 
thrown [s\src\hotspot\share\prims\nativeLookup.cpp, line 415]
Event: 12.592 Thread 0x00000229675c30e0 Exception <a 'java/lang/NoSuchMethodError'{0x00000000d6471858}: 'java.lang.Object java.lang.invoke.DirectMethodHandle$Holder.newInvokeSpecial(java.lang.Object, java.lang.Object, int, java.lang.Object)'> (0x00000000d6471858) 
thrown [s\src\hotspot\share\interpreter\linkResolver.cpp, line 773]
Event: 12.593 Thread 0x00000229675c30e0 Exception <a 'java/lang/NoSuchMethodError'{0x00000000d6475688}: 'java.lang.Object java.lang.invoke.DirectMethodHandle$Holder.invokeSpecial(java.lang.Object, java.lang.Object, java.lang.Object, int, java.lang.Object)'> (0x00000000d6475688) 
thrown [s\src\hotspot\share\interpreter\linkResolver.cpp, line 773]
Event: 12.623 Thread 0x00000229675c30e0 Exception <a 'java/lang/NoClassDefFoundError'{0x00000000d6524130}: jakarta/servlet/ServletContainerInitializer> (0x00000000d6524130) 
thrown [s\src\hotspot\share\classfile\systemDictionary.cpp, line 301]
Event: 12.706 Thread 0x00000229675c30e0 Exception <a 'java/lang/ClassNotFoundException'{0x00000000d66b2258}: sun/util/logging/resources/spi/loggingProvider> (0x00000000d66b2258) 
thrown [s\src\hotspot\share\classfile\systemDictionary.cpp, line 312]

ZGC Phase Switch (0 events):
No events

VM Operations (20 events):
Event: 12.746 Executing VM operation: HandshakeAllThreads (Deoptimize)
Event: 12.746 Executing VM operation: HandshakeAllThreads (Deoptimize) done
Event: 12.758 Executing VM operation: HandshakeAllThreads (Deoptimize)
Event: 12.759 Executing VM operation: HandshakeAllThreads (Deoptimize) done
Event: 12.775 Executing VM operation: ParallelGCFailedAllocation (Allocation Failure)
Event: 12.780 Executing VM operation: ParallelGCFailedAllocation (Allocation Failure) done
Event: 13.780 Executing VM operation: Cleanup
Event: 13.780 Executing VM operation: Cleanup done
Event: 14.781 Executing VM operation: Cleanup
Event: 14.781 Executing VM operation: Cleanup done
Event: 19.784 Executing VM operation: Cleanup
Event: 19.784 Executing VM operation: Cleanup done
Event: 20.969 Executing VM operation: HandshakeAllThreads (Deoptimize)
Event: 20.969 Executing VM operation: HandshakeAllThreads (Deoptimize) done
Event: 20.969 Executing VM operation: Cleanup
Event: 20.969 Executing VM operation: Cleanup done
Event: 21.970 Executing VM operation: Cleanup
Event: 21.970 Executing VM operation: Cleanup done
Event: 24.972 Executing VM operation: Cleanup
Event: 24.972 Executing VM operation: Cleanup done

Memory protections (0 events):
No events

Nmethod flushes (0 events):
No events

Events (20 events):
Event: 12.309 Thread 0x00000229675c23c0 Thread added: 0x0000022967c3ac50
Event: 12.309 Thread 0x00000229675c23c0 Thread added: 0x0000022967c37e60
Event: 12.309 Thread 0x00000229675c23c0 Thread added: 0x0000022967c39210
Event: 12.309 Thread 0x00000229675c23c0 Thread added: 0x0000022967c38b80
Event: 12.309 Thread 0x00000229675c23c0 Thread added: 0x0000022967c398a0
Event: 13.163 Thread 0x00000229678f64c0 Thread exited: 0x00000229678f64c0
Event: 13.319 Thread 0x00000229675ca3e0 Thread exited: 0x00000229675ca3e0
Event: 14.478 Thread 0x00000229675c30e0 Thread added: 0x0000022967c377d0
Event: 24.279 Thread 0x00000229675c3770 Thread exited: 0x00000229675c3770
Event: 24.279 Thread 0x0000022967c39210 Thread exited: 0x0000022967c39210
Event: 24.279 Thread 0x0000022967c3a5c0 Thread exited: 0x0000022967c3a5c0
Event: 24.279 Thread 0x00000229675c3e00 Thread exited: 0x00000229675c3e00
Event: 24.279 Thread 0x0000022967c37140 Thread exited: 0x0000022967c37140
Event: 24.279 Thread 0x0000022967c3ac50 Thread exited: 0x0000022967c3ac50
Event: 24.279 Thread 0x00000229675c1d30 Thread exited: 0x00000229675c1d30
Event: 24.279 Thread 0x0000022967c398a0 Thread exited: 0x0000022967c398a0
Event: 24.279 Thread 0x0000022967c38b80 Thread exited: 0x0000022967c38b80
Event: 24.279 Thread 0x0000022967c37e60 Thread exited: 0x0000022967c37e60
Event: 24.279 Thread 0x00000229675c4b20 Thread exited: 0x00000229675c4b20
Event: 24.279 Thread 0x00000229675c2a50 Thread exited: 0x00000229675c2a50


Dynamic libraries:
0x00007ff78ced0000 - 0x00007ff78cede000 	c:\Users\crizm\.vscode\extensions\redhat.java-1.50.0-win32-x64\jre\21.0.9-win32-x86_64\bin\java.exe
0x00007ffd14580000 - 0x00007ffd147e8000 	C:\WINDOWS\SYSTEM32\ntdll.dll
0x00007ffd136c0000 - 0x00007ffd13789000 	C:\WINDOWS\System32\KERNEL32.DLL
0x00007ffd11dd0000 - 0x00007ffd121c8000 	C:\WINDOWS\System32\KERNELBASE.dll
0x00007ffd11840000 - 0x00007ffd1198b000 	C:\WINDOWS\System32\ucrtbase.dll
0x00007ffd00310000 - 0x00007ffd00328000 	c:\Users\crizm\.vscode\extensions\redhat.java-1.50.0-win32-x64\jre\21.0.9-win32-x86_64\bin\jli.dll
0x00007ffd12e10000 - 0x00007ffd12fd7000 	C:\WINDOWS\System32\USER32.dll
0x00007ffd11bc0000 - 0x00007ffd11be7000 	C:\WINDOWS\System32\win32u.dll
0x00007ffd13ad0000 - 0x00007ffd13afb000 	C:\WINDOWS\System32\GDI32.dll
0x00007ffd11ca0000 - 0x00007ffd11dcc000 	C:\WINDOWS\System32\gdi32full.dll
0x00007ffd11990000 - 0x00007ffd11a33000 	C:\WINDOWS\System32\msvcp_win.dll
0x00007ffd035d0000 - 0x00007ffd035ee000 	c:\Users\crizm\.vscode\extensions\redhat.java-1.50.0-win32-x64\jre\21.0.9-win32-x86_64\bin\VCRUNTIME140.dll
0x00007ffcf57f0000 - 0x00007ffcf5a84000 	C:\WINDOWS\WinSxS\amd64_microsoft.windows.common-controls_6595b64144ccf1df_6.0.26100.7019_none_3e06ffa0e335b8a8\COMCTL32.dll
0x00007ffd13a10000 - 0x00007ffd13ab9000 	C:\WINDOWS\System32\msvcrt.dll
0x00007ffd12d00000 - 0x00007ffd12d31000 	C:\WINDOWS\System32\IMM32.DLL
0x00007ffd039c0000 - 0x00007ffd039cc000 	c:\Users\crizm\.vscode\extensions\redhat.java-1.50.0-win32-x64\jre\21.0.9-win32-x86_64\bin\vcruntime140_1.dll
0x00007ffcf2300000 - 0x00007ffcf238d000 	c:\Users\crizm\.vscode\extensions\redhat.java-1.50.0-win32-x64\jre\21.0.9-win32-x86_64\bin\msvcp140.dll
0x00007ffc66ef0000 - 0x00007ffc67c90000 	c:\Users\crizm\.vscode\extensions\redhat.java-1.50.0-win32-x64\jre\21.0.9-win32-x86_64\bin\server\jvm.dll
0x00007ffd13890000 - 0x00007ffd13944000 	C:\WINDOWS\System32\ADVAPI32.dll
0x00007ffd13950000 - 0x00007ffd139f6000 	C:\WINDOWS\System32\sechost.dll
0x00007ffd13220000 - 0x00007ffd13338000 	C:\WINDOWS\System32\RPCRT4.dll
0x00007ffd13e90000 - 0x00007ffd13f04000 	C:\WINDOWS\System32\WS2_32.dll
0x00007ffd0ee20000 - 0x00007ffd0ee55000 	C:\WINDOWS\SYSTEM32\WINMM.dll
0x00007ffd0ab60000 - 0x00007ffd0ab6b000 	C:\WINDOWS\SYSTEM32\VERSION.dll
0x00007ffd11530000 - 0x00007ffd1158e000 	C:\WINDOWS\SYSTEM32\POWRPROF.dll
0x00007ffd11510000 - 0x00007ffd11524000 	C:\WINDOWS\SYSTEM32\UMPDC.dll
0x00007ffd10490000 - 0x00007ffd104ab000 	C:\WINDOWS\SYSTEM32\kernel.appcore.dll
0x00007ffd01230000 - 0x00007ffd0123a000 	c:\Users\crizm\.vscode\extensions\redhat.java-1.50.0-win32-x64\jre\21.0.9-win32-x86_64\bin\jimage.dll
0x00007ffd0eb60000 - 0x00007ffd0eda2000 	C:\WINDOWS\SYSTEM32\DBGHELP.DLL
0x00007ffd13b00000 - 0x00007ffd13e8b000 	C:\WINDOWS\System32\combase.dll
0x00007ffd12320000 - 0x00007ffd123f7000 	C:\WINDOWS\System32\OLEAUT32.dll
0x00007ffd0ede0000 - 0x00007ffd0ee1c000 	C:\WINDOWS\SYSTEM32\dbgcore.DLL
0x00007ffd11bf0000 - 0x00007ffd11c95000 	C:\WINDOWS\System32\bcryptPrimitives.dll
0x00007ffd004a0000 - 0x00007ffd004af000 	c:\Users\crizm\.vscode\extensions\redhat.java-1.50.0-win32-x64\jre\21.0.9-win32-x86_64\bin\instrument.dll
0x00007ffd004b0000 - 0x00007ffd004d0000 	c:\Users\crizm\.vscode\extensions\redhat.java-1.50.0-win32-x64\jre\21.0.9-win32-x86_64\bin\java.dll
0x00007ffd12480000 - 0x00007ffd12bcf000 	C:\WINDOWS\System32\SHELL32.dll
0x00007ffd116d0000 - 0x00007ffd1183b000 	C:\WINDOWS\System32\wintypes.dll
0x00007ffd0f2e0000 - 0x00007ffd0fb3d000 	C:\WINDOWS\SYSTEM32\windows.storage.dll
0x00007ffd13790000 - 0x00007ffd13882000 	C:\WINDOWS\System32\SHCORE.dll
0x00007ffd14020000 - 0x00007ffd14087000 	C:\WINDOWS\System32\shlwapi.dll
0x00007ffd115f0000 - 0x00007ffd11619000 	C:\WINDOWS\SYSTEM32\profapi.dll
0x00007ffcfd790000 - 0x00007ffcfd7a8000 	c:\Users\crizm\.vscode\extensions\redhat.java-1.50.0-win32-x64\jre\21.0.9-win32-x86_64\bin\zip.dll
0x00007ffd00550000 - 0x00007ffd00560000 	C:\Users\crizm\.vscode\extensions\redhat.java-1.50.0-win32-x64\jre\21.0.9-win32-x86_64\bin\net.dll
0x00007ffd09700000 - 0x00007ffd09828000 	C:\WINDOWS\SYSTEM32\WINHTTP.dll
0x00007ffd10a00000 - 0x00007ffd10a6b000 	C:\WINDOWS\system32\mswsock.dll
0x00007ffcf9230000 - 0x00007ffcf9246000 	C:\Users\crizm\.vscode\extensions\redhat.java-1.50.0-win32-x64\jre\21.0.9-win32-x86_64\bin\nio.dll
0x00007ffd003b0000 - 0x00007ffd003c0000 	c:\Users\crizm\.vscode\extensions\redhat.java-1.50.0-win32-x64\jre\21.0.9-win32-x86_64\bin\verify.dll
0x00007ffce1450000 - 0x00007ffce1494000 	C:\Users\crizm\AppData\Roaming\Code\User\globalStorage\redhat.java\1.50.0\config_win\org.eclipse.equinox.launcher\org.eclipse.equinox.launcher.win32.win32.x86_64_1.2.1400.v20250801-0854\eclipse_11916.dll
0x00007ffd12fe0000 - 0x00007ffd13177000 	C:\WINDOWS\System32\ole32.dll

JVMTI agents:
c:\Users\crizm\.vscode\extensions\redhat.java-1.50.0-win32-x64\lombok\lombok-1.18.39-4050.jar path:c:\Users\crizm\.vscode\extensions\redhat.java-1.50.0-win32-x64\jre\21.0.9-win32-x86_64\bin\instrument.dll, loaded, initialized, instrumentlib options:none

dbghelp: loaded successfully - version: 4.0.5 - missing functions: none
symbol engine: initialized successfully - sym options: 0x614 - pdb path: .;c:\Users\crizm\.vscode\extensions\redhat.java-1.50.0-win32-x64\jre\21.0.9-win32-x86_64\bin;C:\WINDOWS\SYSTEM32;C:\WINDOWS\WinSxS\amd64_microsoft.windows.common-controls_6595b64144ccf1df_6.0.26100.7019_none_3e06ffa0e335b8a8;c:\Users\crizm\.vscode\extensions\redhat.java-1.50.0-win32-x64\jre\21.0.9-win32-x86_64\bin\server;C:\Users\crizm\AppData\Roaming\Code\User\globalStorage\redhat.java\1.50.0\config_win\org.eclipse.equinox.launcher\org.eclipse.equinox.launcher.win32.win32.x86_64_1.2.1400.v20250801-0854

VM Arguments:
jvm_args: --add-modules=ALL-SYSTEM --add-opens=java.base/java.util=ALL-UNNAMED --add-opens=java.base/java.lang=ALL-UNNAMED --add-opens=java.base/sun.nio.fs=ALL-UNNAMED -Declipse.application=org.eclipse.jdt.ls.core.id1 -Dosgi.bundles.defaultStartLevel=4 -Declipse.product=org.eclipse.jdt.ls.core.product -Djava.import.generatesMetadataFilesAtProjectRoot=false -DDetectVMInstallationsJob.disabled=true -Dfile.encoding=utf8 -XX:+UseParallelGC -XX:GCTimeRatio=4 -XX:AdaptiveSizePolicyWeight=90 -Dsun.zip.disableMemoryMapping=true -Xmx2G -Xms100m -Xlog:disable -javaagent:c:\Users\crizm\.vscode\extensions\redhat.java-1.50.0-win32-x64\lombok\lombok-1.18.39-4050.jar -XX:+HeapDumpOnOutOfMemoryError -XX:HeapDumpPath=c:\Users\crizm\AppData\Roaming\Code\User\workspaceStorage\f6b7af3479a2ab18e29e8be422a415a3\redhat.java -Daether.dependencyCollector.impl=bf 
java_command: c:\Users\crizm\.vscode\extensions\redhat.java-1.50.0-win32-x64\server\plugins\org.eclipse.equinox.launcher_1.7.100.v20251111-0406.jar -configuration c:\Users\crizm\AppData\Roaming\Code\User\globalStorage\redhat.java\1.50.0\config_win -data c:\Users\crizm\AppData\Roaming\Code\User\workspaceStorage\f6b7af3479a2ab18e29e8be422a415a3\redhat.java\jdt_ws --pipe=\\.\pipe\lsp-4b8879146789ab517d0c3498f8d51d47-sock
java_class_path (initial): c:\Users\crizm\.vscode\extensions\redhat.java-1.50.0-win32-x64\server\plugins\org.eclipse.equinox.launcher_1.7.100.v20251111-0406.jar
Launcher Type: SUN_STANDARD

[Global flags]
    uintx AdaptiveSizePolicyWeight                 = 90                                        {product} {command line}
     intx CICompilerCount                          = 4                                         {product} {ergonomic}
    uintx GCTimeRatio                              = 4                                         {product} {command line}
     bool HeapDumpOnOutOfMemoryError               = true                                   {manageable} {command line}
    ccstr HeapDumpPath                             = c:\Users\crizm\AppData\Roaming\Code\User\workspaceStorage\f6b7af3479a2ab18e29e8be422a415a3\redhat.java         {manageable} {command line}
   size_t InitialHeapSize                          = 104857600                                 {product} {command line}
   size_t MaxHeapSize                              = 2147483648                                {product} {command line}
   size_t MaxNewSize                               = 715653120                                 {product} {ergonomic}
   size_t MinHeapDeltaBytes                        = 524288                                    {product} {ergonomic}
   size_t MinHeapSize                              = 104857600                                 {product} {command line}
   size_t NewSize                                  = 34603008                                  {product} {ergonomic}
    uintx NonNMethodCodeHeapSize                   = 5839372                                {pd product} {ergonomic}
    uintx NonProfiledCodeHeapSize                  = 122909434                              {pd product} {ergonomic}
   size_t OldSize                                  = 70254592                                  {product} {ergonomic}
    uintx ProfiledCodeHeapSize                     = 122909434                              {pd product} {ergonomic}
    uintx ReservedCodeCacheSize                    = 251658240                              {pd product} {ergonomic}
     bool SegmentedCodeCache                       = true                                      {product} {ergonomic}
   size_t SoftMaxHeapSize                          = 2147483648                             {manageable} {ergonomic}
     bool UseCompressedOops                        = true                           {product lp64_product} {ergonomic}
     bool UseLargePagesIndividualAllocation        = false                                  {pd product} {ergonomic}
     bool UseParallelGC                            = true                                      {product} {command line}

Logging:
Log output configuration:
 #0: stdout all=off uptime,level,tags foldmultilines=false
 #1: stderr all=off uptime,level,tags foldmultilines=false

Release file:
JAVA_VERSION="21.0.9" 
MODULES="java.base java.compiler java.datatransfer java.xml java.prefs java.desktop java.instrument java.logging java.management java.security.sasl java.naming java.rmi java.management.rmi java.net.http java.scripting java.security.jgss java.transaction.xa java.sql java.sql.rowset java.xml.crypto java.se java.smartcardio jdk.accessibility jdk.internal.jvmstat jdk.attach jdk.charsets jdk.internal.opt jdk.zipfs jdk.compiler jdk.crypto.ec jdk.crypto.cryptoki jdk.crypto.mscapi jdk.dynalink jdk.internal.ed jdk.editpad jdk.hotspot.agent jdk.httpserver jdk.internal.le jdk.internal.vm.ci jdk.internal.vm.compiler jdk.internal.vm.compiler.management jdk.jartool jdk.javadoc jdk.jcmd jdk.management jdk.management.agent jdk.jconsole jdk.jdeps jdk.jdwp.agent jdk.jdi jdk.jfr jdk.jshell jdk.jsobject jdk.jstatd jdk.localedata jdk.management.jfr jdk.naming.dns jdk.naming.rmi jdk.net jdk.nio.mapmode jdk.random jdk.sctp jdk.security.auth jdk.security.jgss jdk.unsupported jdk.unsupported.desktop jdk.xml.dom" 

Environment Variables:
JAVA_HOME=C:\Program Files\Java\jdk-17
PATH=C:\Program Files\Rockwell Software\RSCommon;C:\Program Files\Common Files\Oracle\Java\javapath;C:\WINDOWS\system32;C:\WINDOWS;C:\WINDOWS\System32\Wbem;C:\WINDOWS\System32\WindowsPowerShell\v1.0\;C:\WINDOWS\System32\OpenSSH\;C:\Program Files\Java\jdk-15.0.2\bin;C:\Program Files\dotnet\;C:\Program Files (x86)\Microsoft SQL Server\160\Tools\Binn\;C:\Program Files\Microsoft SQL Server\160\Tools\Binn\;C:\Program Files\Microsoft SQL Server\Client SDK\ODBC\170\Tools\Binn\;C:\Program Files\Microsoft SQL Server\160\DTS\Binn\;C:\Program Files (x86)\Microsoft SQL Server\160\DTS\Binn\;C:\Program Files\PuTTY\;C:\Program Files (x86)\IVI Foundation\VISA\WinNT\Bin\;C:\Program Files\IVI Foundation\VISA\Win64\Bin\;C:\Program Files (x86)\IVI Foundation\IVI\Bin\;C:\Program Files\IVI Foundation\IVI\Bin\;C:\Program Files (x86)\National Instruments\Shared\LabVIEW CLI;C:\Program Files (x86)\IVI Foundation\VISA\WinNT\Bin;C:\Program Files\Docker\Docker\resources\bin;D:\Archivos de programa\Git\cmd;C:\Users\crizm\AppData\Local\Pub\Cache\bin;C:\Program Files (x86)\Windows Kits\10\Windows Performance Toolkit\;C:\Program Files\Microsoft SQL Server\150\Tools\Binn\;C:\Users\crizm\AppData\Roaming\nvm;C:\Program Files\nodejs;C:\flutter\bin;C:\Program Files\PostgreSQL\17\bin;C:\Program Files\cursor\resources\app\bin;C:\Users\crizm\AppData\Local\Programs\oh-my-posh\bin\;C:\Program Files\MySQL\MySQL Shell 8.0\bin\;C:\Users\crizm\AppData\Local\Microsoft\WindowsApps;C:\Users\crizm\AppData\Local\Programs\Microsoft VS Code\bin;C:\Users\crizm\.dotnet\tools;C:\Program Files\Azure Data Studio\bin;C:\Users\crizm\AppData\Local\GitHubDesktop\bin;C:\Users\crizm\AppData\Roaming\npm;C:\Users\crizm\AppData\Local\Google\Cloud SDK\google-cloud-sdk\bin;C:\Program Files\MongoDB\Server\7.0\bin;C:\Program Files\MongoDB\mongosh-2.3.0-win32-x64\bin;C:\Users\crizm\AppData\Roaming\nvm;C:\Program Files\nodejs;C:\MinGW\bin;C:\Users\crizm\AppData\Local\Programs\MiKTeX\miktex\bin\x64\;C:\Users\crizm\AppData\Local\Packages\PythonSoftwareFoundation.Python.3.11_qbz5n2kfra8p0\LocalCache\local-packages\Python311\Scripts;C:\Program Files\Java\jdk-17;;C:\Users\crizm\AppData\Local\Microsoft\WindowsApps
USERNAME=Cris Chin
OS=Windows_NT
PROCESSOR_IDENTIFIER=AMD64 Family 23 Model 104 Stepping 1, AuthenticAMD
TMP=C:\Users\crizm\AppData\Local\Temp
TEMP=C:\Users\crizm\AppData\Local\Temp




Periodic native trim disabled

---------------  S Y S T E M  ---------------

OS:
 Windows 11 , 64 bit Build 26100 (10.0.26100.7019)
OS uptime: 0 days 6:26 hours
Hyper-V role detected

CPU: total 12 (initial active 12) (12 cores per cpu, 2 threads per core) family 23 model 104 stepping 1 microcode 0x8608103, cx8, cmov, fxsr, ht, mmx, 3dnowpref, sse, sse2, sse3, ssse3, sse4a, sse4.1, sse4.2, popcnt, lzcnt, tsc, tscinvbit, avx, avx2, aes, clmul, bmi1, bmi2, adx, sha, fma, vzeroupper, clflush, clflushopt, hv, rdtscp, rdpid, f16c
Processor Information for the first 12 processors :
  Max Mhz: 2100, Current Mhz: 2100, Mhz Limit: 2100

Memory: 4k page, system-wide physical 10085M (607M free)
TotalPageFile size 16229M (AvailPageFile size 3M)
current process WorkingSet (physical memory assigned to process): 105M, peak: 118M
current process commit charge ("private bytes"): 251M, peak: 265M

vm_info: OpenJDK 64-Bit Server VM (21.0.9+10-LTS) for windows-amd64 JRE (21.0.9+10-LTS), built on 2025-10-21T00:00:00Z by "admin" with unknown MS VC++:1942

END.
